126
67617
53970
44376
11575
1352
25128
24490
64209
30791
4446
32091
31773
24469
7667
19034
50546
18751
60001
69420
59488
19046
35546
4761
7459
39680
38480
47146
29036
70162
22756
47969
65363
61552
5494
75684
34266
15318
75935
38654
31658
37680
28862
79472
15047
26333
68503
62739
47695
36517
9834
27018
20567
52222
21049
58322
65757
77973
54885
48270
73528
62721
34239
74723
43207
70065
13341
978
69114
13549
63116
53218
57751
33065
49692
19810
64609
47586
61791
36601
56177
69128
45211
13572
37044
2814
70730
7267
18991
59005
21739
30852
75297
61214
26326
49534
35897
44677
58064
47386
63574
40214
1971
17849
70304
45565
25207
13887
32782
68115
36529
41717
29524
31162
2136
78896
8667
66662
2501
53633
74345
39687
74497
62519
52769
62397
20145
