626
66715
41620
56419
1472
3347
48502
50493
8653
32652
72272
62198
58861
4145
75531
25375
12354
42377
16371
22667
15095
62542
3486
36989
2898
41623
61881
30694
3267
43708
26525
16063
13750
42040
70083
69260
6999
40926
73840
77419
48357
36107
24343
43426
46500
14077
44510
42044
74777
64689
71056
70843
39872
69228
9242
21380
39449
31250
2587
43731
33982
47150
21574
50898
2630
2915
22905
38335
58206
53531
65098
40168
42669
7005
34001
71808
35117
67419
38263
63726
73871
27179
29192
19721
40434
28827
52591
66872
2557
76217
6029
14049
52247
77325
57955
56403
57755
3025
77163
33108
9647
35253
22619
65999
66013
62175
23019
52469
67657
22676
37122
64555
55115
2613
42837
44237
19305
8591
29361
7468
49237
6773
29974
22771
255
77104
55268
78040
6273
65013
7820
64577
49154
24917
68022
77173
35627
42466
32573
41652
28455
78986
31433
64375
9332
49958
42092
58245
46012
21725
54748
15354
79433
4933
340
62516
7945
26949
77164
23359
49971
74451
8451
4231
61778
68459
40176
25303
51730
36009
40312
62200
77604
32907
70879
32348
5984
24924
11589
2034
15661
67778
62981
61584
34240
76583
12521
17487
25848
6641
14825
72851
9631
31065
65431
23963
10652
42286
14735
35260
29199
78438
13543
7548
53128
65905
49370
54201
46485
73391
57987
1194
71871
2799
47465
49505
64399
69056
17664
24094
40453
60582
48724
63509
55224
51928
78220
11789
59665
35232
40710
2015
75886
22423
52038
26076
23739
79947
75248
4669
24901
37712
74756
68057
34663
6983
27985
76957
54978
11912
56643
9524
73065
1598
30903
17594
32807
37144
13333
41834
14002
12794
63831
62529
41263
40106
58253
36740
70040
23883
4975
37645
21560
49056
1850
12367
7467
71280
14476
11404
13669
13373
69789
18089
11201
38150
60510
59309
8263
44544
35539
3201
38180
22109
29418
77529
29204
41964
17520
74080
29190
57070
66161
74388
21287
35051
5204
37889
46288
61604
6305
42938
50459
40599
76387
5273
12731
14114
73696
45733
75550
77938
6726
72078
10125
5402
62599
46204
63181
75032
48745
47517
78694
67733
77409
3428
19162
21605
43165
35176
24490
43071
59199
42905
10945
61053
50330
51421
6363
7590
39813
9551
71477
46601
30872
21948
43691
20932
52197
6001
6508
46885
46576
47871
65373
24603
27218
26435
55021
6256
34848
71424
73491
21899
48923
49292
62195
69170
66430
46221
45469
20707
59719
54628
73376
20456
48139
17194
46779
31590
76666
38901
53419
65719
74278
28015
74364
53722
34473
37090
40479
71363
47243
49585
1527
15759
28170
33214
13217
70697
31651
22483
33033
28571
50953
34996
15434
12424
33183
37285
63004
36568
21876
73051
60293
16190
52989
7939
27440
73125
43044
46216
63953
51674
12503
44040
64947
3143
50603
43516
22350
42355
56844
15479
9170
63704
1192
12090
25
44868
51328
37540
12168
10515
29363
41058
51140
70647
59513
19435
79656
51569
62893
68943
57790
39161
33682
46128
11886
29605
51593
17427
71127
3920
70455
29705
3790
57880
7561
69092
37037
44461
50234
20084
3467
65862
67023
31892
39217
63525
28783
55199
2191
22362
70696
61118
5471
19214
52804
12164
9201
74887
78202
78322
72981
12097
43471
59280
77803
2487
60119
64350
64971
27268
32203
19714
21790
44373
75041
13265
2635
53672
39407
32332
26766
65765
40216
48456
72297
78888
39229
76410
11553
33131
54634
40667
42147
53121
34842
50958
8809
19550
31620
77648
30278
33841
39188
59139
1895
76355
7922
63123
36022
67728
24276
68777
1697
19671
9041
31757
23831
18255
8630
61932
19010
7477
38591
78372
36970
50516
35394
49305
5373
73771
75657
41788
25187
74272
50794
4547
34526
58355
67901
6133
36317
73345
5210
9219
77221
20152
39108
51618
14729
25047
50230
60321
47798
72035
52273
7056
65273
51519
31885
53134
30734
35944
64278
39982
72262
50225
54437
13734
2516
458
46661
16476
69613
55467
46148
54664
52032
14594
25832
58251
50374
63115
16673
