688
37799
35476
67482
10028
3806
4830
31077
26303
16644
35793
79652
29425
9028
8631
13989
77135
30930
15856
25662
33647
44980
60504
14397
3378
20650
65971
41441
7385
36346
60768
79829
15281
49173
27470
55543
62861
77027
42976
69861
26804
3411
21824
75013
60712
52563
23680
29564
41821
14049
52247
6264
42608
60706
48757
45082
7141
693
37506
14509
43527
41484
27880
29498
41283
72711
14477
43550
43888
9542
58228
44578
76008
72817
52049
20845
10050
3089
77060
70567
58416
26818
64660
16241
47179
43707
6848
13041
7585
16924
63993
65397
40306
63669
70230
36273
11571
30887
71940
25501
54190
61148
49146
13000
7885
40911
53589
70212
38843
63421
53938
58266
78902
12185
16197
55305
79942
9045
54518
55524
79059
9724
26534
42097
57098
69655
46093
45796
40070
46625
43281
68789
38203
22758
79597
12889
26178
2670
41460
70055
3229
63728
77991
16523
28213
42404
20300
42412
16691
14768
69915
13447
44121
45934
70430
36795
5000
64767
46182
1661
12856
79270
11742
56942
15520
78079
23990
58161
79843
22473
26866
75332
21914
33175
63104
14690
45909
27694
69543
47113
65391
51711
63948
23398
76478
18196
1755
62829
38595
41537
67097
25533
12374
62105
5594
19549
55360
55978
66575
19490
50264
62082
76517
59418
31652
46252
43838
58702
69180
8108
22320
1530
40540
54530
44879
14718
66621
38980
24070
75828
56002
651
14375
29901
35471
23046
38200
46819
21312
61106
73606
23945
74778
1168
25090
64336
15708
49046
14166
51790
72018
11745
6926
48027
59315
20960
44389
18468
8448
5315
30792
800
18247
70533
16166
44109
29022
47257
69718
10646
59855
60391
63689
71200
55967
55965
18865
71623
36011
17937
46673
4154
67797
55815
19335
5571
11426
67158
13482
26448
72451
17481
17911
71605
50598
55032
37304
62204
57027
22187
26690
14772
35309
69165
14417
53440
73770
47004
24645
6870
52169
6046
29335
50555
18204
33478
64949
63802
10197
54848
54442
28045
69227
2757
15926
26144
21604
56732
27653
66520
54496
67878
30951
12341
45834
11177
33888
31749
55000
77046
59177
52668
77616
79416
75793
41793
78500
56329
47621
24632
45504
15833
9410
28579
16277
42031
27927
11981
17129
44208
52427
25146
9684
50114
59844
47327
36530
74127
38563
43117
48336
73589
78070
56053
54108
4989
20003
61856
29160
56460
45020
25469
61308
2062
43309
22075
37670
54513
51730
71472
42886
35303
21803
77609
12904
19845
45995
15295
40450
68037
53729
2846
5332
61676
2472
9942
53539
2481
50086
5619
68764
36936
27139
76677
60795
19121
34886
57653
46169
39019
33081
65012
17896
44510
28406
30281
16850
79945
61037
7754
21810
41410
1860
24651
57821
30859
63869
64566
42414
26581
27663
41125
54482
47731
8414
48189
70142
16255
70164
48462
32655
48448
55716
23630
52413
61512
42443
29176
27515
49961
27742
44412
31636
12200
65641
23797
59074
31949
39174
79946
43507
74055
32485
20207
47301
40303
43390
20663
52185
78774
9307
13350
63738
3338
44755
29756
374
22951
77205
14301
27455
72982
31597
63110
17027
55854
75534
55668
45896
9260
2632
48258
9692
24223
67528
43892
6925
55673
39697
60532
43366
27400
66887
22920
15247
49603
60178
50823
75413
76716
64936
48492
73711
55844
79934
33658
54111
79087
45180
59816
33603
64333
37693
16819
60017
32878
44828
76075
43389
47830
4329
33496
15826
60933
22851
37423
22519
63164
31235
35155
46965
9799
19439
267
54162
21282
48511
33351
10001
23969
72933
9141
62239
20501
41898
76309
55252
36112
39092
34925
32337
72251
37123
51712
58815
14463
8478
2010
34517
3182
13338
9344
22512
49726
11272
18255
32927
75520
6332
10843
37144
52915
36796
56779
42694
48269
66690
74988
69505
44098
14472
36381
33333
8318
49833
52889
16271
67935
25922
23199
47891
57844
47036
65833
71024
57652
31892
46951
76131
70749
71269
11545
7253
53911
70755
8064
79058
68123
7942
50900
23120
27938
33860
46921
67229
36031
9946
39727
3069
52722
47592
57758
31873
64665
41427
29285
64891
13527
27698
46339
52998
78004
53454
61764
74166
1267
72626
10596
32160
78423
66200
65549
57619
48301
60923
37234
65938
63416
70775
58271
51259
59680
42389
43124
60015
48073
38579
19954
44626
31588
63975
26126
74243
31181
42839
54336
21005
4404
49908
6804
63197
47514
40985
24324
38047
51491
43618
28549
34573
