600
78172
51815
24808
3730
20037
39520
54353
77621
54742
39658
70975
12833
29837
31951
31312
25396
20401
69542
74001
18012
2560
57003
19619
23061
30993
45083
77213
47841
34979
51161
14268
13798
23098
31291
53992
61084
16276
53401
79734
57911
15994
42729
62162
58222
31814
3808
31805
70139
22563
56267
43203
36015
9785
73722
12433
17361
4733
28621
8466
78826
18974
10884
49775
20427
73348
70447
71835
3870
77429
44952
16759
379
8928
46747
36268
21834
3704
70877
47289
43987
43312
40503
8898
17913
39429
36550
60434
4674
17268
24891
68394
45626
40518
42915
18004
44099
9662
72678
33847
49644
69746
23557
71607
29059
16695
27803
36318
38611
44611
31848
51106
23381
42416
31001
12585
47544
56275
75635
46265
68904
48484
78092
4786
41937
1788
72523
14575
13830
20024
28634
16666
45000
72818
20140
39819
57174
1849
47663
19415
58686
27990
34114
36804
17643
16605
63484
67984
53879
33034
50151
3001
37537
61068
19506
44179
73123
1186
77463
67336
59919
20162
40487
31763
40457
8600
3293
3798
37865
67544
56328
11225
10352
59923
47968
61401
8274
58252
45250
68618
5018
24877
18106
41115
41053
48288
75444
29199
17406
55601
12317
1132
55967
53657
69471
36141
66745
74768
40555
78502
51721
25410
26585
29241
1707
17482
23882
78485
65807
58049
16108
63211
41179
12141
30303
29693
65973
77070
9547
28181
73864
60968
45177
22726
12853
41746
48464
37930
63569
49395
35030
7964
72426
29222
6918
26461
36912
17426
78038
46251
3722
4191
12273
33568
66066
66273
61392
27023
25496
67450
52520
17219
36508
8687
54447
71774
20718
58966
44868
35570
44148
10055
28535
47014
64951
48908
41457
78593
68384
7476
70885
22733
41605
14143
66718
43903
45307
66592
66923
53006
44018
79371
9781
74678
9197
78366
67757
68757
29630
58789
67085
45830
77673
49962
38234
21357
50568
43896
53565
71673
58639
54797
43270
34217
60014
56370
20834
59811
62373
40491
28511
46571
37138
61289
71496
8129
12321
31789
5632
59308
11641
9950
19282
23030
11252
28178
63394
58592
761
62817
23712
79712
72615
2752
6198
66004
36239
60662
57068
59119
53403
60247
43404
53040
39097
2877
43192
14323
18460
36553
16771
18986
41018
62332
43260
11964
26410
34290
32918
34317
71592
40414
59212
12347
3821
17564
49765
21313
19212
16491
43377
30161
14984
46714
78651
34061
37355
6300
34598
8166
74087
14650
30650
24437
6714
47215
62516
57838
16336
55674
2180
6936
12192
33535
34566
66774
38270
2875
46075
61705
41068
16729
31167
34437
61128
76044
61777
77036
30108
78227
64399
143
11166
26450
25432
42053
42486
28401
74106
65665
4251
72187
46684
36601
65492
62023
2886
10960
23596
6718
26541
79008
6991
22635
71292
19724
56596
66561
9018
73714
44277
49769
36757
47698
30424
16608
48037
47643
18805
75473
68268
65197
40875
50546
77093
18395
44295
5173
2742
24346
60893
74753
7179
72720
51857
21958
34895
26196
13613
61697
72407
66017
36899
39279
75170
74623
79101
15871
38111
74223
45300
3546
8105
66390
63463
34159
14191
35373
35545
40351
52672
54120
55523
61869
44145
47044
12098
16321
1229
62680
67494
61483
11871
78431
17930
49324
2490
59738
57136
10945
33435
26883
33796
33622
77736
34666
20874
40936
17940
12271
74985
38984
44670
9737
19859
15488
59084
60430
36497
787
68599
23609
6238
50674
77518
69443
66447
6576
59637
4397
72890
14597
3093
31281
14756
18902
28016
21469
61173
62703
66478
34366
52750
24933
4974
48713
39277
9652
77301
19741
38029
61804
32616
43091
35602
9459
69001
36263
52139
76550
31414
52377
34030
56358
56655
13822
21026
6868
59169
16930
73032
26790
76073
8201
39463
71619
73251
5856
64299
71992
24072
24077
77707
37620
40470
40153
9302
66907
48357
66238
71512
