628
41606
78319
73233
16138
57532
49015
38010
68870
21197
57939
56844
36595
57466
78241
37377
70491
55271
18553
27512
65237
49737
73311
67787
28816
5109
24463
46166
20477
47056
78038
39828
68004
31716
41904
67821
33921
51704
23418
57869
29730
45582
33411
40443
20030
34775
46104
75024
2237
55615
48116
75120
36523
77123
24499
14872
3108
73082
5517
77173
67834
61830
26010
48920
47661
46785
78552
1085
76455
40560
45697
41750
59757
68226
63115
2963
68204
42474
40574
18508
45885
11835
65764
51753
6827
65478
45564
55388
14492
65242
68470
4678
19702
45471
46493
63755
206
71935
22603
4764
67158
52289
47302
49540
59851
35083
70057
57792
53042
30606
55739
24126
17482
27628
39209
8071
77683
38868
40593
69678
30163
58067
57347
68350
32817
45426
44697
57012
66837
33967
44305
35961
55774
4692
68712
21817
70593
46967
20325
28479
71624
15009
12761
14528
44752
15309
76777
21857
66882
29814
70127
6904
2168
29096
27225
76352
10744
1018
45723
41388
39542
62622
23513
41273
25229
48613
20756
43424
48569
69474
41891
437
53109
70785
8495
460
30233
67852
65750
52550
67420
11513
65191
41139
56660
45756
79513
37899
46416
5844
50795
63983
26860
56672
14012
67926
28968
65667
15358
34954
22229
22392
3869
46912
70448
48797
41873
3194
9682
31548
18721
36001
31712
19030
13752
9376
30516
35744
71932
78265
43613
72155
33162
42345
35938
31542
62036
7659
31220
22527
30216
6678
58668
1044
19105
32476
35652
32288
14063
69185
11489
19470
39445
24718
25651
24240
50277
48090
65607
69917
41243
28889
58586
17404
25413
78330
22300
11976
36559
34967
13802
60420
51847
60867
55479
49725
15488
52355
16304
22918
55685
37606
32362
55914
18274
19420
66641
77850
53814
27440
52859
71751
29559
79602
22267
66892
21409
24283
25919
63960
5346
58800
62672
24419
70779
79038
15425
78881
58793
8048
42381
37971
985
9699
68386
20217
65831
2323
1179
7048
22382
50638
14690
79262
66215
6193
7878
27523
48674
34994
604
31663
40813
16256
69518
65689
69859
40075
67498
49289
79912
8651
50763
69406
79977
5661
19646
40091
38208
16497
68257
6883
19860
52261
34949
49947
49232
39068
68707
25419
19829
15221
39561
17657
21677
25210
27236
76722
56404
30262
24309
25287
9998
59895
36082
56857
53618
48573
41961
46465
41768
39818
68269
46121
18204
18182
63298
53732
21988
40246
6485
62001
8580
11933
22342
8
43003
35605
31250
51482
5930
4139
75374
53073
63629
6563
63891
2102
62867
65911
59267
67020
66981
17869
32780
4178
17561
20209
70811
31964
52703
1196
79943
755
37482
27035
59212
44526
49679
2730
38169
74145
53880
32076
59647
50747
48117
77024
44282
54824
46616
79119
38627
15788
41881
36822
24552
75992
26824
73133
54563
47673
18534
7980
69479
54139
57023
33717
17088
2311
38833
22946
63139
54189
26195
60846
61206
16897
41861
23634
13413
41018
65280
45102
37155
34331
10143
50344
8255
78345
30878
21372
75135
15138
11866
4425
64591
77662
25390
75354
29404
45645
48032
39057
61220
27509
75778
77521
51089
8157
36626
51610
64670
22681
52233
45549
47246
42770
54659
13861
30856
38137
31174
18295
12408
68211
16200
42822
10657
69655
37253
8381
42360
21864
16440
17878
78031
8945
36832
23329
79057
79449
78030
70604
62463
50519
50660
24697
6415
71258
7039
70559
25235
5767
42669
4204
36980
70160
70843
34048
73250
62083
75653
16585
19978
51404
48958
48595
42357
12932
77499
35253
22619
79521
25973
39851
8095
1057
70070
50980
11162
10304
71191
41837
24966
76275
7060
70033
45058
72121
8912
63792
3535
71039
61711
43412
68444
78931
52259
10002
30152
78188
33639
75755
46005
53103
27145
37563
67977
59285
7647
25935
46805
394
55265
4747
39051
40671
64002
72784
45051
50467
74547
12019
47911
60399
44789
53733
54262
52487
16471
30979
58832
40648
3418
27425
55010
5426
22661
46496
34987
4649
71784
60613
7795
67167
42231
16442
63883
