616
7892
54507
66639
38395
37746
18967
20362
35701
9911
59474
4418
64612
3874
44747
49220
28539
30734
22818
59591
79792
9276
21662
14357
35707
25875
21854
4797
7050
25694
7793
24901
67329
64457
63493
44215
54720
69903
65563
28504
7896
70554
76688
53152
64355
75523
76174
58866
18552
29764
6771
8581
76135
54398
5481
57639
49654
38959
52314
48311
57956
23827
56943
71940
58482
5634
6412
3290
29381
17814
32851
39413
70394
41588
8570
55282
49992
59217
41913
22419
38941
31601
59304
13782
37508
59638
33589
34131
26611
739
12499
46045
26364
37035
64560
39176
39122
31629
39541
45224
33022
9360
24928
73803
27499
50399
49643
40233
72184
6272
39957
29783
15951
78303
73510
66798
79280
14030
31316
68544
21197
67865
15499
62719
27190
77299
56669
12870
12468
57928
37277
61849
50106
10186
47766
2661
35299
2237
75024
30903
61563
5210
53276
54623
52661
7561
57880
17957
64516
41165
78520
64356
8748
22601
79463
58523
33585
71379
69437
586
63281
35040
45882
24951
48653
27251
32997
32800
32743
79902
26359
45680
25676
28210
56626
29851
44390
15873
71243
55388
56592
47257
73214
24678
49599
49588
25542
25452
76452
59501
3469
4208
36407
15141
64852
73004
34232
27463
51406
6025
52240
14202
34762
20082
36878
13124
17585
33287
11851
13413
31725
53175
4472
35819
79393
67868
9052
10461
59975
72734
52825
32437
17285
14850
17763
31797
66484
66719
7375
70210
26665
34136
36450
57459
29819
9925
54568
63751
1826
12312
29503
6273
48912
11404
50235
39196
30395
22115
59813
67758
67293
38217
47261
27749
4500
44374
34162
45637
25954
43714
51743
5553
15677
2396
63786
49295
26432
32420
78381
67838
57874
25504
32809
56243
13527
73563
4150
58719
72973
24151
72766
69373
39400
32795
12848
77389
49114
34086
37125
44454
46737
26294
1403
15759
47451
23447
42264
20541
70221
13085
7890
22411
37319
34849
43042
51706
41952
25435
29311
17742
27655
23872
26544
56595
51729
10028
8753
71760
22184
53751
14280
36419
56753
22898
72156
25341
12961
51055
6642
73511
52236
63449
57699
43921
12902
3693
7699
45740
59004
68845
18564
40057
6379
5518
13205
27007
15182
63817
72848
59885
74606
59529
22280
14153
78760
26482
64430
10612
64326
61299
15008
12248
13486
62809
29443
16008
42849
65399
3726
62205
41197
29231
73621
36381
30816
71959
35493
52210
76366
10151
16605
63117
67507
78123
74109
71100
40703
36781
51515
50433
57884
60430
2785
66587
65427
49699
39763
21609
69351
68675
34634
29277
48302
18331
36886
1816
65441
24608
25979
13223
46197
53964
28761
20829
7496
68192
7430
32424
75553
4817
62139
75073
49502
62288
75158
22895
28618
36426
22810
30570
30630
67037
24614
2799
52558
40487
63222
22309
27685
77486
1916
40850
12299
22662
36937
8574
2980
65782
52495
71855
41832
49975
51903
46113
34586
30021
75471
66727
72161
746
13944
42964
60356
49128
45334
46104
77426
420
21404
37045
15806
76545
58316
43260
38101
31444
25635
60446
21479
52560
76484
34182
76680
27292
21246
53423
22884
12099
78558
58055
60750
50614
21207
73354
9961
75484
9310
52457
79725
76957
60762
35466
75555
33861
9677
51422
67975
50630
24090
15840
51976
70050
9308
66793
39926
64115
72828
41895
12901
44989
39511
53181
23149
50894
11640
35931
74975
50942
69798
32679
62697
9281
3867
45821
31973
54930
23945
24728
41831
27466
57030
18467
42451
4243
16582
20560
49734
26061
8061
22495
50855
25859
26785
37120
52844
16795
57371
47345
8072
54302
66523
74470
2240
8372
34489
48352
27079
48613
20756
43189
48637
8693
23885
41230
73838
44229
28772
30519
68161
88
12222
74181
42934
33154
24396
195
29528
38100
76300
69177
61622
31527
28416
14795
54976
1525
7293
12722
33800
171
19541
73436
2450
58976
21847
41283
46471
30853
30849
41454
16467
37390
33486
74248
52083
55590
79459
